The system is: Linux - 5.10.16.3-microsoft-standard-WSL2 - x86_64
Compiling the C compiler identification source file "CMakeCCompilerId.c" succeeded.
Compiler: /usr/bin/cc 
Build flags: 
Id flags:  

The output was:
0


Compilation of the C compiler identification source "CMakeCCompilerId.c" produced "a.out"

The C compiler identification is GNU, found in "/mnt/c/resources/zhaijf/pcre2-rs-ffi/pcre2-master/build/CMakeFiles/3.16.3/CompilerIdC/a.out"

Determining if the C compiler works passed with the following output:
Change Dir: /mnt/c/resources/zhaijf/pcre2-rs-ffi/pcre2-master/build/CMakeFiles/CMakeTmp

Run Build Command(s):/usr/bin/make cmTC_13e42/fast && /usr/bin/make -f CMakeFiles/cmTC_13e42.dir/build.make CMakeFiles/cmTC_13e42.dir/build
make[1]: Entering directory '/mnt/c/resources/zhaijf/pcre2-rs-ffi/pcre2-master/build/CMakeFiles/CMakeTmp'
Building C object CMakeFiles/cmTC_13e42.dir/testCCompiler.c.o
/usr/bin/cc    -o CMakeFiles/cmTC_13e42.dir/testCCompiler.c.o   -c /mnt/c/resources/zhaijf/pcre2-rs-ffi/pcre2-master/build/CMakeFiles/CMakeTmp/testCCompiler.c
Linking C executable cmTC_13e42
/usr/bin/cmake -E cmake_link_script CMakeFiles/cmTC_13e42.dir/link.txt --verbose=1
/usr/bin/cc      -rdynamic CMakeFiles/cmTC_13e42.dir/testCCompiler.c.o  -o cmTC_13e42 
make[1]: Leaving directory '/mnt/c/resources/zhaijf/pcre2-rs-ffi/pcre2-master/build/CMakeFiles/CMakeTmp'



Detecting C compiler ABI info compiled with the following output:
Change Dir: /mnt/c/resources/zhaijf/pcre2-rs-ffi/pcre2-master/build/CMakeFiles/CMakeTmp

Run Build Command(s):/usr/bin/make cmTC_f55e7/fast && /usr/bin/make -f CMakeFiles/cmTC_f55e7.dir/build.make CMakeFiles/cmTC_f55e7.dir/build
make[1]: Entering directory '/mnt/c/resources/zhaijf/pcre2-rs-ffi/pcre2-master/build/CMakeFiles/CMakeTmp'
Building C object CMakeFiles/cmTC_f55e7.dir/CMakeCCompilerABI.c.o
/usr/bin/cc   -v -o CMakeFiles/cmTC_f55e7.dir/CMakeCCompilerABI.c.o   -c /usr/share/cmake-3.16/Modules/CMakeCCompilerABI.c
Using built-in specs.
COLLECT_GCC=/usr/bin/cc
OFFLOAD_TARGET_NAMES=nvptx-none:hsa
OFFLOAD_TARGET_DEFAULT=1
Target: x86_64-linux-gnu
Configured with: ../src/configure -v --with-pkgversion='Ubuntu 9.4.0-1ubuntu1~20.04' --with-bugurl=file:///usr/share/doc/gcc-9/README.Bugs --enable-languages=c,ada,c++,go,brig,d,fortran,objc,obj-c++,gm2 --prefix=/usr --with-gcc-major-version-only --program-suffix=-9 --program-prefix=x86_64-linux-gnu- --enable-shared --enable-linker-build-id --libexecdir=/usr/lib --without-included-gettext --enable-threads=posix --libdir=/usr/lib --enable-nls --enable-clocale=gnu --enable-libstdcxx-debug --enable-libstdcxx-time=yes --with-default-libstdcxx-abi=new --enable-gnu-unique-object --disable-vtable-verify --enable-plugin --enable-default-pie --with-system-zlib --with-target-system-zlib=auto --enable-objc-gc=auto --enable-multiarch --disable-werror --with-arch-32=i686 --with-abi=m64 --with-multilib-list=m32,m64,mx32 --enable-multilib --with-tune=generic --enable-offload-targets=nvptx-none=/build/gcc-9-yTrUTS/gcc-9-9.4.0/debian/tmp-nvptx/usr,hsa --without-cuda-driver --enable-checking=release --build=x86_64-linux-gnu --host=x86_64-linux-gnu --target=x86_64-linux-gnu
Thread model: posix
gcc version 9.4.0 (Ubuntu 9.4.0-1ubuntu1~20.04) 
COLLECT_GCC_OPTIONS='-v' '-o' 'CMakeFiles/cmTC_f55e7.dir/CMakeCCompilerABI.c.o' '-c' '-mtune=generic' '-march=x86-64'
 /usr/lib/gcc/x86_64-linux-gnu/9/cc1 -quiet -v -imultiarch x86_64-linux-gnu /usr/share/cmake-3.16/Modules/CMakeCCompilerABI.c -quiet -dumpbase CMakeCCompilerABI.c -mtune=generic -march=x86-64 -auxbase-strip CMakeFiles/cmTC_f55e7.dir/CMakeCCompilerABI.c.o -version -fasynchronous-unwind-tables -fstack-protector-strong -Wformat -Wformat-security -fstack-clash-protection -fcf-protection -o /tmp/cc6Udmfg.s
GNU C17 (Ubuntu 9.4.0-1ubuntu1~20.04) version 9.4.0 (x86_64-linux-gnu)
	compiled by GNU C version 9.4.0, GMP version 6.2.0, MPFR version 4.0.2, MPC version 1.1.0, isl version isl-0.22.1-GMP

GGC heuristics: --param ggc-min-expand=100 --param ggc-min-heapsize=131072
ignoring nonexistent directory "/usr/local/include/x86_64-linux-gnu"
ignoring nonexistent directory "/usr/lib/gcc/x86_64-linux-gnu/9/include-fixed"
ignoring nonexistent directory "/usr/lib/gcc/x86_64-linux-gnu/9/../../../../x86_64-linux-gnu/include"
#include "..." search starts here:
#include <...> search starts here:
 /usr/lib/gcc/x86_64-linux-gnu/9/include
 /usr/local/include
 /usr/include/x86_64-linux-gnu
 /usr/include
End of search list.
GNU C17 (Ubuntu 9.4.0-1ubuntu1~20.04) version 9.4.0 (x86_64-linux-gnu)
	compiled by GNU C version 9.4.0, GMP version 6.2.0, MPFR version 4.0.2, MPC version 1.1.0, isl version isl-0.22.1-GMP

GGC heuristics: --param ggc-min-expand=100 --param ggc-min-heapsize=131072
Compiler executable checksum: 0fa2a01b1ef16377fce6a0bcb60fb82d
COLLECT_GCC_OPTIONS='-v' '-o' 'CMakeFiles/cmTC_f55e7.dir/CMakeCCompilerABI.c.o' '-c' '-mtune=generic' '-march=x86-64'
 as -v --64 -o CMakeFiles/cmTC_f55e7.dir/CMakeCCompilerABI.c.o /tmp/cc6Udmfg.s
GNU assembler version 2.34 (x86_64-linux-gnu) using BFD version (GNU Binutils for Ubuntu) 2.34
COMPILER_PATH=/usr/lib/gcc/x86_64-linux-gnu/9/:/usr/lib/gcc/x86_64-linux-gnu/9/:/usr/lib/gcc/x86_64-linux-gnu/:/usr/lib/gcc/x86_64-linux-gnu/9/:/usr/lib/gcc/x86_64-linux-gnu/
LIBRARY_PATH=/usr/lib/gcc/x86_64-linux-gnu/9/:/usr/lib/gcc/x86_64-linux-gnu/9/../../../x86_64-linux-gnu/:/usr/lib/gcc/x86_64-linux-gnu/9/../../../../lib/:/lib/x86_64-linux-gnu/:/lib/../lib/:/usr/lib/x86_64-linux-gnu/:/usr/lib/../lib/:/usr/lib/gcc/x86_64-linux-gnu/9/../../../:/lib/:/usr/lib/
COLLECT_GCC_OPTIONS='-v' '-o' 'CMakeFiles/cmTC_f55e7.dir/CMakeCCompilerABI.c.o' '-c' '-mtune=generic' '-march=x86-64'
Linking C executable cmTC_f55e7
/usr/bin/cmake -E cmake_link_script CMakeFiles/cmTC_f55e7.dir/link.txt --verbose=1
/usr/bin/cc     -v -rdynamic CMakeFiles/cmTC_f55e7.dir/CMakeCCompilerABI.c.o  -o cmTC_f55e7 
Using built-in specs.
COLLECT_GCC=/usr/bin/cc
COLLECT_LTO_WRAPPER=/usr/lib/gcc/x86_64-linux-gnu/9/lto-wrapper
OFFLOAD_TARGET_NAMES=nvptx-none:hsa
OFFLOAD_TARGET_DEFAULT=1
Target: x86_64-linux-gnu
Configured with: ../src/configure -v --with-pkgversion='Ubuntu 9.4.0-1ubuntu1~20.04' --with-bugurl=file:///usr/share/doc/gcc-9/README.Bugs --enable-languages=c,ada,c++,go,brig,d,fortran,objc,obj-c++,gm2 --prefix=/usr --with-gcc-major-version-only --program-suffix=-9 --program-prefix=x86_64-linux-gnu- --enable-shared --enable-linker-build-id --libexecdir=/usr/lib --without-included-gettext --enable-threads=posix --libdir=/usr/lib --enable-nls --enable-clocale=gnu --enable-libstdcxx-debug --enable-libstdcxx-time=yes --with-default-libstdcxx-abi=new --enable-gnu-unique-object --disable-vtable-verify --enable-plugin --enable-default-pie --with-system-zlib --with-target-system-zlib=auto --enable-objc-gc=auto --enable-multiarch --disable-werror --with-arch-32=i686 --with-abi=m64 --with-multilib-list=m32,m64,mx32 --enable-multilib --with-tune=generic --enable-offload-targets=nvptx-none=/build/gcc-9-yTrUTS/gcc-9-9.4.0/debian/tmp-nvptx/usr,hsa --without-cuda-driver --enable-checking=release --build=x86_64-linux-gnu --host=x86_64-linux-gnu --target=x86_64-linux-gnu
Thread model: posix
gcc version 9.4.0 (Ubuntu 9.4.0-1ubuntu1~20.04) 
COMPILER_PATH=/usr/lib/gcc/x86_64-linux-gnu/9/:/usr/lib/gcc/x86_64-linux-gnu/9/:/usr/lib/gcc/x86_64-linux-gnu/:/usr/lib/gcc/x86_64-linux-gnu/9/:/usr/lib/gcc/x86_64-linux-gnu/
LIBRARY_PATH=/usr/lib/gcc/x86_64-linux-gnu/9/:/usr/lib/gcc/x86_64-linux-gnu/9/../../../x86_64-linux-gnu/:/usr/lib/gcc/x86_64-linux-gnu/9/../../../../lib/:/lib/x86_64-linux-gnu/:/lib/../lib/:/usr/lib/x86_64-linux-gnu/:/usr/lib/../lib/:/usr/lib/gcc/x86_64-linux-gnu/9/../../../:/lib/:/usr/lib/
COLLECT_GCC_OPTIONS='-v' '-rdynamic' '-o' 'cmTC_f55e7' '-mtune=generic' '-march=x86-64'
 /usr/lib/gcc/x86_64-linux-gnu/9/collect2 -plugin /usr/lib/gcc/x86_64-linux-gnu/9/liblto_plugin.so -plugin-opt=/usr/lib/gcc/x86_64-linux-gnu/9/lto-wrapper -plugin-opt=-fresolution=/tmp/ccu0rPtH.res -plugin-opt=-pass-through=-lgcc -plugin-opt=-pass-through=-lgcc_s -plugin-opt=-pass-through=-lc -plugin-opt=-pass-through=-lgcc -plugin-opt=-pass-through=-lgcc_s --build-id --eh-frame-hdr -m elf_x86_64 --hash-style=gnu --as-needed -export-dynamic -dynamic-linker /lib64/ld-linux-x86-64.so.2 -pie -z now -z relro -o cmTC_f55e7 /usr/lib/gcc/x86_64-linux-gnu/9/../../../x86_64-linux-gnu/Scrt1.o /usr/lib/gcc/x86_64-linux-gnu/9/../../../x86_64-linux-gnu/crti.o /usr/lib/gcc/x86_64-linux-gnu/9/crtbeginS.o -L/usr/lib/gcc/x86_64-linux-gnu/9 -L/usr/lib/gcc/x86_64-linux-gnu/9/../../../x86_64-linux-gnu -L/usr/lib/gcc/x86_64-linux-gnu/9/../../../../lib -L/lib/x86_64-linux-gnu -L/lib/../lib -L/usr/lib/x86_64-linux-gnu -L/usr/lib/../lib -L/usr/lib/gcc/x86_64-linux-gnu/9/../../.. CMakeFiles/cmTC_f55e7.dir/CMakeCCompilerABI.c.o -lgcc --push-state --as-needed -lgcc_s --pop-state -lc -lgcc --push-state --as-needed -lgcc_s --pop-state /usr/lib/gcc/x86_64-linux-gnu/9/crtendS.o /usr/lib/gcc/x86_64-linux-gnu/9/../../../x86_64-linux-gnu/crtn.o
COLLECT_GCC_OPTIONS='-v' '-rdynamic' '-o' 'cmTC_f55e7' '-mtune=generic' '-march=x86-64'
make[1]: Leaving directory '/mnt/c/resources/zhaijf/pcre2-rs-ffi/pcre2-master/build/CMakeFiles/CMakeTmp'



Parsed C implicit include dir info from above output: rv=done
  found start of include info
  found start of implicit include info
    add: [/usr/lib/gcc/x86_64-linux-gnu/9/include]
    add: [/usr/local/include]
    add: [/usr/include/x86_64-linux-gnu]
    add: [/usr/include]
  end of search list found
  collapse include dir [/usr/lib/gcc/x86_64-linux-gnu/9/include] ==> [/usr/lib/gcc/x86_64-linux-gnu/9/include]
  collapse include dir [/usr/local/include] ==> [/usr/local/include]
  collapse include dir [/usr/include/x86_64-linux-gnu] ==> [/usr/include/x86_64-linux-gnu]
  collapse include dir [/usr/include] ==> [/usr/include]
  implicit include dirs: [/usr/lib/gcc/x86_64-linux-gnu/9/include;/usr/local/include;/usr/include/x86_64-linux-gnu;/usr/include]


Parsed C implicit link information from above output:
  link line regex: [^( *|.*[/\])(ld|CMAKE_LINK_STARTFILE-NOTFOUND|([^/\]+-)?ld|collect2)[^/\]*( |$)]
  ignore line: [Change Dir: /mnt/c/resources/zhaijf/pcre2-rs-ffi/pcre2-master/build/CMakeFiles/CMakeTmp]
  ignore line: []
  ignore line: [Run Build Command(s):/usr/bin/make cmTC_f55e7/fast && /usr/bin/make -f CMakeFiles/cmTC_f55e7.dir/build.make CMakeFiles/cmTC_f55e7.dir/build]
  ignore line: [make[1]: Entering directory '/mnt/c/resources/zhaijf/pcre2-rs-ffi/pcre2-master/build/CMakeFiles/CMakeTmp']
  ignore line: [Building C object CMakeFiles/cmTC_f55e7.dir/CMakeCCompilerABI.c.o]
  ignore line: [/usr/bin/cc   -v -o CMakeFiles/cmTC_f55e7.dir/CMakeCCompilerABI.c.o   -c /usr/share/cmake-3.16/Modules/CMakeCCompilerABI.c]
  ignore line: [Using built-in specs.]
  ignore line: [COLLECT_GCC=/usr/bin/cc]
  ignore line: [OFFLOAD_TARGET_NAMES=nvptx-none:hsa]
  ignore line: [OFFLOAD_TARGET_DEFAULT=1]
  ignore line: [Target: x86_64-linux-gnu]
  ignore line: [Configured with: ../src/configure -v --with-pkgversion='Ubuntu 9.4.0-1ubuntu1~20.04' --with-bugurl=file:///usr/share/doc/gcc-9/README.Bugs --enable-languages=c ada c++ go brig d fortran objc obj-c++ gm2 --prefix=/usr --with-gcc-major-version-only --program-suffix=-9 --program-prefix=x86_64-linux-gnu- --enable-shared --enable-linker-build-id --libexecdir=/usr/lib --without-included-gettext --enable-threads=posix --libdir=/usr/lib --enable-nls --enable-clocale=gnu --enable-libstdcxx-debug --enable-libstdcxx-time=yes --with-default-libstdcxx-abi=new --enable-gnu-unique-object --disable-vtable-verify --enable-plugin --enable-default-pie --with-system-zlib --with-target-system-zlib=auto --enable-objc-gc=auto --enable-multiarch --disable-werror --with-arch-32=i686 --with-abi=m64 --with-multilib-list=m32 m64 mx32 --enable-multilib --with-tune=generic --enable-offload-targets=nvptx-none=/build/gcc-9-yTrUTS/gcc-9-9.4.0/debian/tmp-nvptx/usr hsa --without-cuda-driver --enable-checking=release --build=x86_64-linux-gnu --host=x86_64-linux-gnu --target=x86_64-linux-gnu]
  ignore line: [Thread model: posix]
  ignore line: [gcc version 9.4.0 (Ubuntu 9.4.0-1ubuntu1~20.04) ]
  ignore line: [COLLECT_GCC_OPTIONS='-v' '-o' 'CMakeFiles/cmTC_f55e7.dir/CMakeCCompilerABI.c.o' '-c' '-mtune=generic' '-march=x86-64']
  ignore line: [ /usr/lib/gcc/x86_64-linux-gnu/9/cc1 -quiet -v -imultiarch x86_64-linux-gnu /usr/share/cmake-3.16/Modules/CMakeCCompilerABI.c -quiet -dumpbase CMakeCCompilerABI.c -mtune=generic -march=x86-64 -auxbase-strip CMakeFiles/cmTC_f55e7.dir/CMakeCCompilerABI.c.o -version -fasynchronous-unwind-tables -fstack-protector-strong -Wformat -Wformat-security -fstack-clash-protection -fcf-protection -o /tmp/cc6Udmfg.s]
  ignore line: [GNU C17 (Ubuntu 9.4.0-1ubuntu1~20.04) version 9.4.0 (x86_64-linux-gnu)]
  ignore line: [	compiled by GNU C version 9.4.0  GMP version 6.2.0  MPFR version 4.0.2  MPC version 1.1.0  isl version isl-0.22.1-GMP]
  ignore line: []
  ignore line: [GGC heuristics: --param ggc-min-expand=100 --param ggc-min-heapsize=131072]
  ignore line: [ignoring nonexistent directory "/usr/local/include/x86_64-linux-gnu"]
  ignore line: [ignoring nonexistent directory "/usr/lib/gcc/x86_64-linux-gnu/9/include-fixed"]
  ignore line: [ignoring nonexistent directory "/usr/lib/gcc/x86_64-linux-gnu/9/../../../../x86_64-linux-gnu/include"]
  ignore line: [#include "..." search starts here:]
  ignore line: [#include <...> search starts here:]
  ignore line: [ /usr/lib/gcc/x86_64-linux-gnu/9/include]
  ignore line: [ /usr/local/include]
  ignore line: [ /usr/include/x86_64-linux-gnu]
  ignore line: [ /usr/include]
  ignore line: [End of search list.]
  ignore line: [GNU C17 (Ubuntu 9.4.0-1ubuntu1~20.04) version 9.4.0 (x86_64-linux-gnu)]
  ignore line: [	compiled by GNU C version 9.4.0  GMP version 6.2.0  MPFR version 4.0.2  MPC version 1.1.0  isl version isl-0.22.1-GMP]
  ignore line: []
  ignore line: [GGC heuristics: --param ggc-min-expand=100 --param ggc-min-heapsize=131072]
  ignore line: [Compiler executable checksum: 0fa2a01b1ef16377fce6a0bcb60fb82d]
  ignore line: [COLLECT_GCC_OPTIONS='-v' '-o' 'CMakeFiles/cmTC_f55e7.dir/CMakeCCompilerABI.c.o' '-c' '-mtune=generic' '-march=x86-64']
  ignore line: [ as -v --64 -o CMakeFiles/cmTC_f55e7.dir/CMakeCCompilerABI.c.o /tmp/cc6Udmfg.s]
  ignore line: [GNU assembler version 2.34 (x86_64-linux-gnu) using BFD version (GNU Binutils for Ubuntu) 2.34]
  ignore line: [COMPILER_PATH=/usr/lib/gcc/x86_64-linux-gnu/9/:/usr/lib/gcc/x86_64-linux-gnu/9/:/usr/lib/gcc/x86_64-linux-gnu/:/usr/lib/gcc/x86_64-linux-gnu/9/:/usr/lib/gcc/x86_64-linux-gnu/]
  ignore line: [LIBRARY_PATH=/usr/lib/gcc/x86_64-linux-gnu/9/:/usr/lib/gcc/x86_64-linux-gnu/9/../../../x86_64-linux-gnu/:/usr/lib/gcc/x86_64-linux-gnu/9/../../../../lib/:/lib/x86_64-linux-gnu/:/lib/../lib/:/usr/lib/x86_64-linux-gnu/:/usr/lib/../lib/:/usr/lib/gcc/x86_64-linux-gnu/9/../../../:/lib/:/usr/lib/]
  ignore line: [COLLECT_GCC_OPTIONS='-v' '-o' 'CMakeFiles/cmTC_f55e7.dir/CMakeCCompilerABI.c.o' '-c' '-mtune=generic' '-march=x86-64']
  ignore line: [Linking C executable cmTC_f55e7]
  ignore line: [/usr/bin/cmake -E cmake_link_script CMakeFiles/cmTC_f55e7.dir/link.txt --verbose=1]
  ignore line: [/usr/bin/cc     -v -rdynamic CMakeFiles/cmTC_f55e7.dir/CMakeCCompilerABI.c.o  -o cmTC_f55e7 ]
  ignore line: [Using built-in specs.]
  ignore line: [COLLECT_GCC=/usr/bin/cc]
  ignore line: [COLLECT_LTO_WRAPPER=/usr/lib/gcc/x86_64-linux-gnu/9/lto-wrapper]
  ignore line: [OFFLOAD_TARGET_NAMES=nvptx-none:hsa]
  ignore line: [OFFLOAD_TARGET_DEFAULT=1]
  ignore line: [Target: x86_64-linux-gnu]
  ignore line: [Configured with: ../src/configure -v --with-pkgversion='Ubuntu 9.4.0-1ubuntu1~20.04' --with-bugurl=file:///usr/share/doc/gcc-9/README.Bugs --enable-languages=c ada c++ go brig d fortran objc obj-c++ gm2 --prefix=/usr --with-gcc-major-version-only --program-suffix=-9 --program-prefix=x86_64-linux-gnu- --enable-shared --enable-linker-build-id --libexecdir=/usr/lib --without-included-gettext --enable-threads=posix --libdir=/usr/lib --enable-nls --enable-clocale=gnu --enable-libstdcxx-debug --enable-libstdcxx-time=yes --with-default-libstdcxx-abi=new --enable-gnu-unique-object --disable-vtable-verify --enable-plugin --enable-default-pie --with-system-zlib --with-target-system-zlib=auto --enable-objc-gc=auto --enable-multiarch --disable-werror --with-arch-32=i686 --with-abi=m64 --with-multilib-list=m32 m64 mx32 --enable-multilib --with-tune=generic --enable-offload-targets=nvptx-none=/build/gcc-9-yTrUTS/gcc-9-9.4.0/debian/tmp-nvptx/usr hsa --without-cuda-driver --enable-checking=release --build=x86_64-linux-gnu --host=x86_64-linux-gnu --target=x86_64-linux-gnu]
  ignore line: [Thread model: posix]
  ignore line: [gcc version 9.4.0 (Ubuntu 9.4.0-1ubuntu1~20.04) ]
  ignore line: [COMPILER_PATH=/usr/lib/gcc/x86_64-linux-gnu/9/:/usr/lib/gcc/x86_64-linux-gnu/9/:/usr/lib/gcc/x86_64-linux-gnu/:/usr/lib/gcc/x86_64-linux-gnu/9/:/usr/lib/gcc/x86_64-linux-gnu/]
  ignore line: [LIBRARY_PATH=/usr/lib/gcc/x86_64-linux-gnu/9/:/usr/lib/gcc/x86_64-linux-gnu/9/../../../x86_64-linux-gnu/:/usr/lib/gcc/x86_64-linux-gnu/9/../../../../lib/:/lib/x86_64-linux-gnu/:/lib/../lib/:/usr/lib/x86_64-linux-gnu/:/usr/lib/../lib/:/usr/lib/gcc/x86_64-linux-gnu/9/../../../:/lib/:/usr/lib/]
  ignore line: [COLLECT_GCC_OPTIONS='-v' '-rdynamic' '-o' 'cmTC_f55e7' '-mtune=generic' '-march=x86-64']
  link line: [ /usr/lib/gcc/x86_64-linux-gnu/9/collect2 -plugin /usr/lib/gcc/x86_64-linux-gnu/9/liblto_plugin.so -plugin-opt=/usr/lib/gcc/x86_64-linux-gnu/9/lto-wrapper -plugin-opt=-fresolution=/tmp/ccu0rPtH.res -plugin-opt=-pass-through=-lgcc -plugin-opt=-pass-through=-lgcc_s -plugin-opt=-pass-through=-lc -plugin-opt=-pass-through=-lgcc -plugin-opt=-pass-through=-lgcc_s --build-id --eh-frame-hdr -m elf_x86_64 --hash-style=gnu --as-needed -export-dynamic -dynamic-linker /lib64/ld-linux-x86-64.so.2 -pie -z now -z relro -o cmTC_f55e7 /usr/lib/gcc/x86_64-linux-gnu/9/../../../x86_64-linux-gnu/Scrt1.o /usr/lib/gcc/x86_64-linux-gnu/9/../../../x86_64-linux-gnu/crti.o /usr/lib/gcc/x86_64-linux-gnu/9/crtbeginS.o -L/usr/lib/gcc/x86_64-linux-gnu/9 -L/usr/lib/gcc/x86_64-linux-gnu/9/../../../x86_64-linux-gnu -L/usr/lib/gcc/x86_64-linux-gnu/9/../../../../lib -L/lib/x86_64-linux-gnu -L/lib/../lib -L/usr/lib/x86_64-linux-gnu -L/usr/lib/../lib -L/usr/lib/gcc/x86_64-linux-gnu/9/../../.. CMakeFiles/cmTC_f55e7.dir/CMakeCCompilerABI.c.o -lgcc --push-state --as-needed -lgcc_s --pop-state -lc -lgcc --push-state --as-needed -lgcc_s --pop-state /usr/lib/gcc/x86_64-linux-gnu/9/crtendS.o /usr/lib/gcc/x86_64-linux-gnu/9/../../../x86_64-linux-gnu/crtn.o]
    arg [/usr/lib/gcc/x86_64-linux-gnu/9/collect2] ==> ignore
    arg [-plugin] ==> ignore
    arg [/usr/lib/gcc/x86_64-linux-gnu/9/liblto_plugin.so] ==> ignore
    arg [-plugin-opt=/usr/lib/gcc/x86_64-linux-gnu/9/lto-wrapper] ==> ignore
    arg [-plugin-opt=-fresolution=/tmp/ccu0rPtH.res] ==> ignore
    arg [-plugin-opt=-pass-through=-lgcc] ==> ignore
    arg [-plugin-opt=-pass-through=-lgcc_s] ==> ignore
    arg [-plugin-opt=-pass-through=-lc] ==> ignore
    arg [-plugin-opt=-pass-through=-lgcc] ==> ignore
    arg [-plugin-opt=-pass-through=-lgcc_s] ==> ignore
    arg [--build-id] ==> ignore
    arg [--eh-frame-hdr] ==> ignore
    arg [-m] ==> ignore
    arg [elf_x86_64] ==> ignore
    arg [--hash-style=gnu] ==> ignore
    arg [--as-needed] ==> ignore
    arg [-export-dynamic] ==> ignore
    arg [-dynamic-linker] ==> ignore
    arg [/lib64/ld-linux-x86-64.so.2] ==> ignore
    arg [-pie] ==> ignore
    arg [-znow] ==> ignore
    arg [-zrelro] ==> ignore
    arg [-o] ==> ignore
    arg [cmTC_f55e7] ==> ignore
    arg [/usr/lib/gcc/x86_64-linux-gnu/9/../../../x86_64-linux-gnu/Scrt1.o] ==> ignore
    arg [/usr/lib/gcc/x86_64-linux-gnu/9/../../../x86_64-linux-gnu/crti.o] ==> ignore
    arg [/usr/lib/gcc/x86_64-linux-gnu/9/crtbeginS.o] ==> ignore
    arg [-L/usr/lib/gcc/x86_64-linux-gnu/9] ==> dir [/usr/lib/gcc/x86_64-linux-gnu/9]
    arg [-L/usr/lib/gcc/x86_64-linux-gnu/9/../../../x86_64-linux-gnu] ==> dir [/usr/lib/gcc/x86_64-linux-gnu/9/../../../x86_64-linux-gnu]
    arg [-L/usr/lib/gcc/x86_64-linux-gnu/9/../../../../lib] ==> dir [/usr/lib/gcc/x86_64-linux-gnu/9/../../../../lib]
    arg [-L/lib/x86_64-linux-gnu] ==> dir [/lib/x86_64-linux-gnu]
    arg [-L/lib/../lib] ==> dir [/lib/../lib]
    arg [-L/usr/lib/x86_64-linux-gnu] ==> dir [/usr/lib/x86_64-linux-gnu]
    arg [-L/usr/lib/../lib] ==> dir [/usr/lib/../lib]
    arg [-L/usr/lib/gcc/x86_64-linux-gnu/9/../../..] ==> dir [/usr/lib/gcc/x86_64-linux-gnu/9/../../..]
    arg [CMakeFiles/cmTC_f55e7.dir/CMakeCCompilerABI.c.o] ==> ignore
    arg [-lgcc] ==> lib [gcc]
    arg [--push-state] ==> ignore
    arg [--as-needed] ==> ignore
    arg [-lgcc_s] ==> lib [gcc_s]
    arg [--pop-state] ==> ignore
    arg [-lc] ==> lib [c]
    arg [-lgcc] ==> lib [gcc]
    arg [--push-state] ==> ignore
    arg [--as-needed] ==> ignore
    arg [-lgcc_s] ==> lib [gcc_s]
    arg [--pop-state] ==> ignore
    arg [/usr/lib/gcc/x86_64-linux-gnu/9/crtendS.o] ==> ignore
    arg [/usr/lib/gcc/x86_64-linux-gnu/9/../../../x86_64-linux-gnu/crtn.o] ==> ignore
  collapse library dir [/usr/lib/gcc/x86_64-linux-gnu/9] ==> [/usr/lib/gcc/x86_64-linux-gnu/9]
  collapse library dir [/usr/lib/gcc/x86_64-linux-gnu/9/../../../x86_64-linux-gnu] ==> [/usr/lib/x86_64-linux-gnu]
  collapse library dir [/usr/lib/gcc/x86_64-linux-gnu/9/../../../../lib] ==> [/usr/lib]
  collapse library dir [/lib/x86_64-linux-gnu] ==> [/lib/x86_64-linux-gnu]
  collapse library dir [/lib/../lib] ==> [/lib]
  collapse library dir [/usr/lib/x86_64-linux-gnu] ==> [/usr/lib/x86_64-linux-gnu]
  collapse library dir [/usr/lib/../lib] ==> [/usr/lib]
  collapse library dir [/usr/lib/gcc/x86_64-linux-gnu/9/../../..] ==> [/usr/lib]
  implicit libs: [gcc;gcc_s;c;gcc;gcc_s]
  implicit dirs: [/usr/lib/gcc/x86_64-linux-gnu/9;/usr/lib/x86_64-linux-gnu;/usr/lib;/lib/x86_64-linux-gnu;/lib]
  implicit fwks: []


Determining if the include file dirent.h exists passed with the following output:
Change Dir: /mnt/c/resources/zhaijf/pcre2-rs-ffi/pcre2-master/build/CMakeFiles/CMakeTmp

Run Build Command(s):/usr/bin/make cmTC_04211/fast && /usr/bin/make -f CMakeFiles/cmTC_04211.dir/build.make CMakeFiles/cmTC_04211.dir/build
make[1]: Entering directory '/mnt/c/resources/zhaijf/pcre2-rs-ffi/pcre2-master/build/CMakeFiles/CMakeTmp'
Building C object CMakeFiles/cmTC_04211.dir/CheckIncludeFile.c.o
/usr/bin/cc    -o CMakeFiles/cmTC_04211.dir/CheckIncludeFile.c.o   -c /mnt/c/resources/zhaijf/pcre2-rs-ffi/pcre2-master/build/CMakeFiles/CMakeTmp/CheckIncludeFile.c
Linking C executable cmTC_04211
/usr/bin/cmake -E cmake_link_script CMakeFiles/cmTC_04211.dir/link.txt --verbose=1
/usr/bin/cc      -rdynamic CMakeFiles/cmTC_04211.dir/CheckIncludeFile.c.o  -o cmTC_04211 
make[1]: Leaving directory '/mnt/c/resources/zhaijf/pcre2-rs-ffi/pcre2-master/build/CMakeFiles/CMakeTmp'



Determining if the include file sys/stat.h exists passed with the following output:
Change Dir: /mnt/c/resources/zhaijf/pcre2-rs-ffi/pcre2-master/build/CMakeFiles/CMakeTmp

Run Build Command(s):/usr/bin/make cmTC_17bb3/fast && /usr/bin/make -f CMakeFiles/cmTC_17bb3.dir/build.make CMakeFiles/cmTC_17bb3.dir/build
make[1]: Entering directory '/mnt/c/resources/zhaijf/pcre2-rs-ffi/pcre2-master/build/CMakeFiles/CMakeTmp'
Building C object CMakeFiles/cmTC_17bb3.dir/CheckIncludeFile.c.o
/usr/bin/cc    -o CMakeFiles/cmTC_17bb3.dir/CheckIncludeFile.c.o   -c /mnt/c/resources/zhaijf/pcre2-rs-ffi/pcre2-master/build/CMakeFiles/CMakeTmp/CheckIncludeFile.c
Linking C executable cmTC_17bb3
/usr/bin/cmake -E cmake_link_script CMakeFiles/cmTC_17bb3.dir/link.txt --verbose=1
/usr/bin/cc      -rdynamic CMakeFiles/cmTC_17bb3.dir/CheckIncludeFile.c.o  -o cmTC_17bb3 
make[1]: Leaving directory '/mnt/c/resources/zhaijf/pcre2-rs-ffi/pcre2-master/build/CMakeFiles/CMakeTmp'



Determining if the include file sys/types.h exists passed with the following output:
Change Dir: /mnt/c/resources/zhaijf/pcre2-rs-ffi/pcre2-master/build/CMakeFiles/CMakeTmp

Run Build Command(s):/usr/bin/make cmTC_91039/fast && /usr/bin/make -f CMakeFiles/cmTC_91039.dir/build.make CMakeFiles/cmTC_91039.dir/build
make[1]: Entering directory '/mnt/c/resources/zhaijf/pcre2-rs-ffi/pcre2-master/build/CMakeFiles/CMakeTmp'
Building C object CMakeFiles/cmTC_91039.dir/CheckIncludeFile.c.o
/usr/bin/cc    -o CMakeFiles/cmTC_91039.dir/CheckIncludeFile.c.o   -c /mnt/c/resources/zhaijf/pcre2-rs-ffi/pcre2-master/build/CMakeFiles/CMakeTmp/CheckIncludeFile.c
Linking C executable cmTC_91039
/usr/bin/cmake -E cmake_link_script CMakeFiles/cmTC_91039.dir/link.txt --verbose=1
/usr/bin/cc      -rdynamic CMakeFiles/cmTC_91039.dir/CheckIncludeFile.c.o  -o cmTC_91039 
make[1]: Leaving directory '/mnt/c/resources/zhaijf/pcre2-rs-ffi/pcre2-master/build/CMakeFiles/CMakeTmp'



Determining if the include file unistd.h exists passed with the following output:
Change Dir: /mnt/c/resources/zhaijf/pcre2-rs-ffi/pcre2-master/build/CMakeFiles/CMakeTmp

Run Build Command(s):/usr/bin/make cmTC_e12fd/fast && /usr/bin/make -f CMakeFiles/cmTC_e12fd.dir/build.make CMakeFiles/cmTC_e12fd.dir/build
make[1]: Entering directory '/mnt/c/resources/zhaijf/pcre2-rs-ffi/pcre2-master/build/CMakeFiles/CMakeTmp'
Building C object CMakeFiles/cmTC_e12fd.dir/CheckIncludeFile.c.o
/usr/bin/cc    -o CMakeFiles/cmTC_e12fd.dir/CheckIncludeFile.c.o   -c /mnt/c/resources/zhaijf/pcre2-rs-ffi/pcre2-master/build/CMakeFiles/CMakeTmp/CheckIncludeFile.c
Linking C executable cmTC_e12fd
/usr/bin/cmake -E cmake_link_script CMakeFiles/cmTC_e12fd.dir/link.txt --verbose=1
/usr/bin/cc      -rdynamic CMakeFiles/cmTC_e12fd.dir/CheckIncludeFile.c.o  -o cmTC_e12fd 
make[1]: Leaving directory '/mnt/c/resources/zhaijf/pcre2-rs-ffi/pcre2-master/build/CMakeFiles/CMakeTmp'



Determining if the bcopy exist passed with the following output:
Change Dir: /mnt/c/resources/zhaijf/pcre2-rs-ffi/pcre2-master/build/CMakeFiles/CMakeTmp

Run Build Command(s):/usr/bin/make cmTC_6e308/fast && /usr/bin/make -f CMakeFiles/cmTC_6e308.dir/build.make CMakeFiles/cmTC_6e308.dir/build
make[1]: Entering directory '/mnt/c/resources/zhaijf/pcre2-rs-ffi/pcre2-master/build/CMakeFiles/CMakeTmp'
Building C object CMakeFiles/cmTC_6e308.dir/CheckSymbolExists.c.o
/usr/bin/cc    -o CMakeFiles/cmTC_6e308.dir/CheckSymbolExists.c.o   -c /mnt/c/resources/zhaijf/pcre2-rs-ffi/pcre2-master/build/CMakeFiles/CMakeTmp/CheckSymbolExists.c
Linking C executable cmTC_6e308
/usr/bin/cmake -E cmake_link_script CMakeFiles/cmTC_6e308.dir/link.txt --verbose=1
/usr/bin/cc      -rdynamic CMakeFiles/cmTC_6e308.dir/CheckSymbolExists.c.o  -o cmTC_6e308 
make[1]: Leaving directory '/mnt/c/resources/zhaijf/pcre2-rs-ffi/pcre2-master/build/CMakeFiles/CMakeTmp'


File /mnt/c/resources/zhaijf/pcre2-rs-ffi/pcre2-master/build/CMakeFiles/CMakeTmp/CheckSymbolExists.c:
/* */
#include <strings.h>

int main(int argc, char** argv)
{
  (void)argv;
#ifndef bcopy
  return ((int*)(&bcopy))[argc];
#else
  (void)argc;
  return 0;
#endif
}
Determining if the memmove exist passed with the following output:
Change Dir: /mnt/c/resources/zhaijf/pcre2-rs-ffi/pcre2-master/build/CMakeFiles/CMakeTmp

Run Build Command(s):/usr/bin/make cmTC_a69d6/fast && /usr/bin/make -f CMakeFiles/cmTC_a69d6.dir/build.make CMakeFiles/cmTC_a69d6.dir/build
make[1]: Entering directory '/mnt/c/resources/zhaijf/pcre2-rs-ffi/pcre2-master/build/CMakeFiles/CMakeTmp'
Building C object CMakeFiles/cmTC_a69d6.dir/CheckSymbolExists.c.o
/usr/bin/cc    -o CMakeFiles/cmTC_a69d6.dir/CheckSymbolExists.c.o   -c /mnt/c/resources/zhaijf/pcre2-rs-ffi/pcre2-master/build/CMakeFiles/CMakeTmp/CheckSymbolExists.c
Linking C executable cmTC_a69d6
/usr/bin/cmake -E cmake_link_script CMakeFiles/cmTC_a69d6.dir/link.txt --verbose=1
/usr/bin/cc      -rdynamic CMakeFiles/cmTC_a69d6.dir/CheckSymbolExists.c.o  -o cmTC_a69d6 
make[1]: Leaving directory '/mnt/c/resources/zhaijf/pcre2-rs-ffi/pcre2-master/build/CMakeFiles/CMakeTmp'


File /mnt/c/resources/zhaijf/pcre2-rs-ffi/pcre2-master/build/CMakeFiles/CMakeTmp/CheckSymbolExists.c:
/* */
#include <string.h>

int main(int argc, char** argv)
{
  (void)argv;
#ifndef memmove
  return ((int*)(&memmove))[argc];
#else
  (void)argc;
  return 0;
#endif
}
Determining if the strerror exist passed with the following output:
Change Dir: /mnt/c/resources/zhaijf/pcre2-rs-ffi/pcre2-master/build/CMakeFiles/CMakeTmp

Run Build Command(s):/usr/bin/make cmTC_53868/fast && /usr/bin/make -f CMakeFiles/cmTC_53868.dir/build.make CMakeFiles/cmTC_53868.dir/build
make[1]: Entering directory '/mnt/c/resources/zhaijf/pcre2-rs-ffi/pcre2-master/build/CMakeFiles/CMakeTmp'
Building C object CMakeFiles/cmTC_53868.dir/CheckSymbolExists.c.o
/usr/bin/cc    -o CMakeFiles/cmTC_53868.dir/CheckSymbolExists.c.o   -c /mnt/c/resources/zhaijf/pcre2-rs-ffi/pcre2-master/build/CMakeFiles/CMakeTmp/CheckSymbolExists.c
Linking C executable cmTC_53868
/usr/bin/cmake -E cmake_link_script CMakeFiles/cmTC_53868.dir/link.txt --verbose=1
/usr/bin/cc      -rdynamic CMakeFiles/cmTC_53868.dir/CheckSymbolExists.c.o  -o cmTC_53868 
make[1]: Leaving directory '/mnt/c/resources/zhaijf/pcre2-rs-ffi/pcre2-master/build/CMakeFiles/CMakeTmp'


File /mnt/c/resources/zhaijf/pcre2-rs-ffi/pcre2-master/build/CMakeFiles/CMakeTmp/CheckSymbolExists.c:
/* */
#include <string.h>

int main(int argc, char** argv)
{
  (void)argv;
#ifndef strerror
  return ((int*)(&strerror))[argc];
#else
  (void)argc;
  return 0;
#endif
}
Performing C SOURCE FILE Test HAVE_REALPATH succeeded with the following output:
Change Dir: /mnt/c/resources/zhaijf/pcre2-rs-ffi/pcre2-master/build/CMakeFiles/CMakeTmp

Run Build Command(s):/usr/bin/make cmTC_6b028/fast && /usr/bin/make -f CMakeFiles/cmTC_6b028.dir/build.make CMakeFiles/cmTC_6b028.dir/build
make[1]: Entering directory '/mnt/c/resources/zhaijf/pcre2-rs-ffi/pcre2-master/build/CMakeFiles/CMakeTmp'
Building C object CMakeFiles/cmTC_6b028.dir/src.c.o
/usr/bin/cc   -DHAVE_REALPATH   -o CMakeFiles/cmTC_6b028.dir/src.c.o   -c /mnt/c/resources/zhaijf/pcre2-rs-ffi/pcre2-master/build/CMakeFiles/CMakeTmp/src.c
Linking C executable cmTC_6b028
/usr/bin/cmake -E cmake_link_script CMakeFiles/cmTC_6b028.dir/link.txt --verbose=1
/usr/bin/cc  -DHAVE_REALPATH    -rdynamic CMakeFiles/cmTC_6b028.dir/src.c.o  -o cmTC_6b028 
make[1]: Leaving directory '/mnt/c/resources/zhaijf/pcre2-rs-ffi/pcre2-master/build/CMakeFiles/CMakeTmp'


Source file was:
#include <stdlib.h>
   #include <limits.h>
   int main(int c, char *v[]) { char buf[PATH_MAX]; realpath(v[1], buf); return 0; }
Performing C SOURCE FILE Test INTEL_CET_ENABLED succeeded with the following output:
Change Dir: /mnt/c/resources/zhaijf/pcre2-rs-ffi/pcre2-master/build/CMakeFiles/CMakeTmp

Run Build Command(s):/usr/bin/make cmTC_1cf54/fast && /usr/bin/make -f CMakeFiles/cmTC_1cf54.dir/build.make CMakeFiles/cmTC_1cf54.dir/build
make[1]: Entering directory '/mnt/c/resources/zhaijf/pcre2-rs-ffi/pcre2-master/build/CMakeFiles/CMakeTmp'
Building C object CMakeFiles/cmTC_1cf54.dir/src.c.o
/usr/bin/cc   -DINTEL_CET_ENABLED   -o CMakeFiles/cmTC_1cf54.dir/src.c.o   -c /mnt/c/resources/zhaijf/pcre2-rs-ffi/pcre2-master/build/CMakeFiles/CMakeTmp/src.c
Linking C executable cmTC_1cf54
/usr/bin/cmake -E cmake_link_script CMakeFiles/cmTC_1cf54.dir/link.txt --verbose=1
/usr/bin/cc  -DINTEL_CET_ENABLED    -rdynamic CMakeFiles/cmTC_1cf54.dir/src.c.o  -o cmTC_1cf54 
make[1]: Leaving directory '/mnt/c/resources/zhaijf/pcre2-rs-ffi/pcre2-master/build/CMakeFiles/CMakeTmp'


Source file was:
#ifndef __CET__
   #error CET is not enabled
   #endif
   int main() { return 0; }
